<?xml version="1.0" encoding="UTF-8"?>
<coverage generated="1540081177765" clover="3.2.0">
  <project timestamp="1540081177765" name="All files">
    <metrics statements="21" coveredstatements="20" conditionals="8" coveredconditionals="8" methods="8" coveredmethods="7" elements="37" coveredelements="35" complexity="0" loc="21" ncloc="21" packages="3" files="3" classes="3">
      <package name="components.note-create-form">
        <metrics statements="12" coveredstatements="12" conditionals="0" coveredconditionals="0" methods="4" coveredmethods="4"/>
        <file name="index.js" path="/mnt/c/Users/alexl/Apprenti/401/labs/29-composition-testing/src/components/note-create-form/index.js">
          <metrics statements="12" coveredstatements="12" conditionals="0" coveredconditionals="0" methods="4" coveredmethods="4"/>
          <line num="6" count="3" type="stmt"/>
          <line num="8" count="3" type="stmt"/>
          <line num="13" count="3" type="stmt"/>
          <line num="14" count="3" type="stmt"/>
          <line num="19" count="2" type="stmt"/>
          <line num="20" count="2" type="stmt"/>
          <line num="21" count="2" type="stmt"/>
          <line num="26" count="1" type="stmt"/>
          <line num="28" count="1" type="stmt"/>
          <line num="29" count="1" type="stmt"/>
          <line num="31" count="1" type="stmt"/>
          <line num="35" count="7" type="stmt"/>
        </file>
      </package>
      <package name="components.note-item">
        <metrics statements="4" coveredstatements="3" conditionals="0" coveredconditionals="0" methods="3" coveredmethods="2"/>
        <file name="index.js" path="/mnt/c/Users/alexl/Apprenti/401/labs/29-composition-testing/src/components/note-item/index.js">
          <metrics statements="4" coveredstatements="3" conditionals="0" coveredconditionals="0" methods="3" coveredmethods="2"/>
          <line num="7" count="1" type="stmt"/>
          <line num="9" count="1" type="stmt"/>
          <line num="13" count="0" type="stmt"/>
          <line num="16" count="1" type="stmt"/>
        </file>
      </package>
      <package name="models">
        <metrics statements="5" coveredstatements="5" conditionals="8" coveredconditionals="8" methods="1" coveredmethods="1"/>
        <file name="note.js" path="/mnt/c/Users/alexl/Apprenti/401/labs/29-composition-testing/src/models/note.js">
          <metrics statements="5" coveredstatements="5" conditionals="8" coveredconditionals="8" methods="1" coveredmethods="1"/>
          <line num="5" count="1" type="stmt"/>
          <line num="6" count="1" type="cond" truecount="2" falsecount="0"/>
          <line num="7" count="1" type="cond" truecount="2" falsecount="0"/>
          <line num="8" count="1" type="cond" truecount="2" falsecount="0"/>
          <line num="9" count="1" type="cond" truecount="2" falsecount="0"/>
        </file>
      </package>
    </metrics>
  </project>
</coverage>
