{"/mnt/c/Users/alexl/Apprenti/401/labs/29-composition-testing/src/components/note-create-form/index.js": {"path":"/mnt/c/Users/alexl/Apprenti/401/labs/29-composition-testing/src/components/note-create-form/index.js","statementMap":{"0":{"start":{"line":6,"column":4},"end":{"line":6,"column":17}},"1":{"start":{"line":8,"column":4},"end":{"line":11,"column":5}},"2":{"start":{"line":13,"column":4},"end":{"line":13,"column":53}},"3":{"start":{"line":14,"column":4},"end":{"line":14,"column":49}},"4":{"start":{"line":19,"column":15},"end":{"line":19,"column":28}},"5":{"start":{"line":20,"column":16},"end":{"line":20,"column":30}},"6":{"start":{"line":21,"column":4},"end":{"line":21,"column":34}},"7":{"start":{"line":26,"column":4},"end":{"line":26,"column":23}},"8":{"start":{"line":28,"column":15},"end":{"line":28,"column":61}},"9":{"start":{"line":29,"column":4},"end":{"line":29,"column":29}},"10":{"start":{"line":31,"column":4},"end":{"line":31,"column":44}},"11":{"start":{"line":35,"column":4},"end":{"line":49,"column":6}}},"fnMap":{"0":{"name":"(anonymous_0)","decl":{"start":{"line":5,"column":2},"end":{"line":5,"column":3}},"loc":{"start":{"line":5,"column":20},"end":{"line":16,"column":3}},"line":5},"1":{"name":"(anonymous_1)","decl":{"start":{"line":18,"column":2},"end":{"line":18,"column":3}},"loc":{"start":{"line":18,"column":17},"end":{"line":22,"column":3}},"line":18},"2":{"name":"(anonymous_2)","decl":{"start":{"line":25,"column":2},"end":{"line":25,"column":3}},"loc":{"start":{"line":25,"column":15},"end":{"line":32,"column":3}},"line":25},"3":{"name":"(anonymous_3)","decl":{"start":{"line":34,"column":2},"end":{"line":34,"column":3}},"loc":{"start":{"line":34,"column":11},"end":{"line":50,"column":3}},"line":34}},"branchMap":{},"s":{"0":3,"1":3,"2":3,"3":3,"4":2,"5":2,"6":2,"7":1,"8":1,"9":1,"10":1,"11":7},"f":{"0":3,"1":2,"2":1,"3":7},"b":{},"_coverageSchema":"332fd63041d2c1bcb487cc26dd0d5f7d97098a6c","hash":"d9df19489d23d06f140039e667243d123b93b79e"}
,"/mnt/c/Users/alexl/Apprenti/401/labs/29-composition-testing/src/components/note-item/index.js": {"path":"/mnt/c/Users/alexl/Apprenti/401/labs/29-composition-testing/src/components/note-item/index.js","statementMap":{"0":{"start":{"line":8,"column":4},"end":{"line":8,"column":17}},"1":{"start":{"line":9,"column":4},"end":{"line":11,"column":5}},"2":{"start":{"line":13,"column":4},"end":{"line":13,"column":43}},"3":{"start":{"line":14,"column":4},"end":{"line":14,"column":63}},"4":{"start":{"line":19,"column":4},"end":{"line":19,"column":32}},"5":{"start":{"line":20,"column":4},"end":{"line":21,"column":5}},"6":{"start":{"line":25,"column":4},"end":{"line":25,"column":44}},"7":{"start":{"line":29,"column":19},"end":{"line":29,"column":52}},"8":{"start":{"line":31,"column":4},"end":{"line":39,"column":5}},"9":{"start":{"line":32,"column":6},"end":{"line":38,"column":7}},"10":{"start":{"line":34,"column":23},"end":{"line":34,"column":73}},"11":{"start":{"line":41,"column":4},"end":{"line":52,"column":6}}},"fnMap":{"0":{"name":"(anonymous_0)","decl":{"start":{"line":7,"column":2},"end":{"line":7,"column":3}},"loc":{"start":{"line":7,"column":21},"end":{"line":15,"column":3}},"line":7},"1":{"name":"(anonymous_1)","decl":{"start":{"line":17,"column":2},"end":{"line":17,"column":3}},"loc":{"start":{"line":17,"column":21},"end":{"line":22,"column":3}},"line":17},"2":{"name":"(anonymous_2)","decl":{"start":{"line":24,"column":2},"end":{"line":24,"column":3}},"loc":{"start":{"line":24,"column":12},"end":{"line":26,"column":3}},"line":24},"3":{"name":"(anonymous_3)","decl":{"start":{"line":27,"column":2},"end":{"line":27,"column":3}},"loc":{"start":{"line":27,"column":11},"end":{"line":53,"column":3}},"line":27},"4":{"name":"(anonymous_4)","decl":{"start":{"line":34,"column":17},"end":{"line":34,"column":18}},"loc":{"start":{"line":34,"column":23},"end":{"line":34,"column":73}},"line":34}},"branchMap":{"0":{"loc":{"start":{"line":31,"column":4},"end":{"line":39,"column":5}},"type":"if","locations":[{"start":{"line":31,"column":4},"end":{"line":39,"column":5}},{"start":{"line":31,"column":4},"end":{"line":39,"column":5}}],"line":31}},"s":{"0":1,"1":1,"2":1,"3":1,"4":0,"5":0,"6":0,"7":1,"8":1,"9":0,"10":0,"11":1},"f":{"0":1,"1":0,"2":0,"3":1,"4":0},"b":{"0":[0,1]},"_coverageSchema":"332fd63041d2c1bcb487cc26dd0d5f7d97098a6c","hash":"2381a421a8c3eda1d075310b641315ca2baac60e"}
,"/mnt/c/Users/alexl/Apprenti/401/labs/29-composition-testing/src/components/note-update-form/index.js": {"path":"/mnt/c/Users/alexl/Apprenti/401/labs/29-composition-testing/src/components/note-update-form/index.js","statementMap":{"0":{"start":{"line":5,"column":4},"end":{"line":5,"column":17}},"1":{"start":{"line":7,"column":4},"end":{"line":10,"column":5}},"2":{"start":{"line":12,"column":4},"end":{"line":12,"column":53}},"3":{"start":{"line":13,"column":4},"end":{"line":13,"column":49}},"4":{"start":{"line":18,"column":15},"end":{"line":18,"column":28}},"5":{"start":{"line":19,"column":16},"end":{"line":19,"column":30}},"6":{"start":{"line":20,"column":4},"end":{"line":20,"column":36}},"7":{"start":{"line":24,"column":4},"end":{"line":24,"column":23}},"8":{"start":{"line":25,"column":15},"end":{"line":25,"column":30}},"9":{"start":{"line":26,"column":4},"end":{"line":26,"column":34}},"10":{"start":{"line":27,"column":4},"end":{"line":27,"column":38}},"11":{"start":{"line":28,"column":4},"end":{"line":28,"column":69}},"12":{"start":{"line":29,"column":4},"end":{"line":29,"column":22}},"13":{"start":{"line":34,"column":4},"end":{"line":49,"column":5}}},"fnMap":{"0":{"name":"(anonymous_0)","decl":{"start":{"line":4,"column":2},"end":{"line":4,"column":3}},"loc":{"start":{"line":4,"column":21},"end":{"line":15,"column":3}},"line":4},"1":{"name":"(anonymous_1)","decl":{"start":{"line":17,"column":2},"end":{"line":17,"column":3}},"loc":{"start":{"line":17,"column":18},"end":{"line":21,"column":3}},"line":17},"2":{"name":"(anonymous_2)","decl":{"start":{"line":23,"column":2},"end":{"line":23,"column":3}},"loc":{"start":{"line":23,"column":16},"end":{"line":30,"column":3}},"line":23},"3":{"name":"(anonymous_3)","decl":{"start":{"line":33,"column":2},"end":{"line":33,"column":3}},"loc":{"start":{"line":33,"column":11},"end":{"line":50,"column":3}},"line":33}},"branchMap":{},"s":{"0":0,"1":0,"2":0,"3":0,"4":0,"5":0,"6":0,"7":0,"8":0,"9":0,"10":0,"11":0,"12":0,"13":0},"f":{"0":0,"1":0,"2":0,"3":0},"b":{},"_coverageSchema":"332fd63041d2c1bcb487cc26dd0d5f7d97098a6c","hash":"3ccbfe4677811afe1d5f784d66ff8489b63ea61d"}
,"/mnt/c/Users/alexl/Apprenti/401/labs/29-composition-testing/src/models/note.js": {"path":"/mnt/c/Users/alexl/Apprenti/401/labs/29-composition-testing/src/models/note.js","statementMap":{"0":{"start":{"line":5,"column":4},"end":{"line":5,"column":24}},"1":{"start":{"line":6,"column":4},"end":{"line":6,"column":40}},"2":{"start":{"line":7,"column":4},"end":{"line":7,"column":42}},"3":{"start":{"line":8,"column":4},"end":{"line":8,"column":29}},"4":{"start":{"line":9,"column":4},"end":{"line":9,"column":33}}},"fnMap":{"0":{"name":"(anonymous_0)","decl":{"start":{"line":4,"column":2},"end":{"line":4,"column":3}},"loc":{"start":{"line":4,"column":52},"end":{"line":11,"column":3}},"line":4}},"branchMap":{"0":{"loc":{"start":{"line":6,"column":21},"end":{"line":6,"column":39}},"type":"binary-expr","locations":[{"start":{"line":6,"column":21},"end":{"line":6,"column":30}},{"start":{"line":6,"column":34},"end":{"line":6,"column":39}}],"line":6},"1":{"loc":{"start":{"line":7,"column":22},"end":{"line":7,"column":41}},"type":"binary-expr","locations":[{"start":{"line":7,"column":22},"end":{"line":7,"column":32}},{"start":{"line":7,"column":36},"end":{"line":7,"column":41}}],"line":7},"2":{"loc":{"start":{"line":8,"column":17},"end":{"line":8,"column":28}},"type":"binary-expr","locations":[{"start":{"line":8,"column":17},"end":{"line":8,"column":22}},{"start":{"line":8,"column":26},"end":{"line":8,"column":28}}],"line":8},"3":{"loc":{"start":{"line":9,"column":19},"end":{"line":9,"column":32}},"type":"binary-expr","locations":[{"start":{"line":9,"column":19},"end":{"line":9,"column":26}},{"start":{"line":9,"column":30},"end":{"line":9,"column":32}}],"line":9}},"s":{"0":1,"1":1,"2":1,"3":1,"4":1},"f":{"0":1},"b":{"0":[1,1],"1":[1,1],"2":[1,1],"3":[1,1]},"_coverageSchema":"332fd63041d2c1bcb487cc26dd0d5f7d97098a6c","hash":"e592960f23afb2172daec3cb78451652df038d11"}
}
