TN:
SF:/mnt/c/Users/alexl/Apprenti/401/labs/29-composition-testing/src/components/note-create-form/index.js
FN:5,(anonymous_0)
FN:18,(anonymous_1)
FN:25,(anonymous_2)
FN:34,(anonymous_3)
FNF:4
FNH:4
FNDA:3,(anonymous_0)
FNDA:2,(anonymous_1)
FNDA:1,(anonymous_2)
FNDA:7,(anonymous_3)
DA:6,3
DA:8,3
DA:13,3
DA:14,3
DA:19,2
DA:20,2
DA:21,2
DA:26,1
DA:28,1
DA:29,1
DA:31,1
DA:35,7
LF:12
LH:12
BRF:0
BRH:0
end_of_record
TN:
SF:/mnt/c/Users/alexl/Apprenti/401/labs/29-composition-testing/src/components/note-item/index.js
FN:6,(anonymous_0)
FN:12,(anonymous_1)
FN:15,(anonymous_2)
FNF:3
FNH:2
FNDA:1,(anonymous_0)
FNDA:0,(anonymous_1)
FNDA:1,(anonymous_2)
DA:7,1
DA:9,1
DA:13,0
DA:16,1
LF:4
LH:3
BRF:0
BRH:0
end_of_record
TN:
SF:/mnt/c/Users/alexl/Apprenti/401/labs/29-composition-testing/src/models/note.js
FN:4,(anonymous_0)
FNF:1
FNH:1
FNDA:1,(anonymous_0)
DA:5,1
DA:6,1
DA:7,1
DA:8,1
DA:9,1
LF:5
LH:5
BRDA:6,0,0,1
BRDA:6,0,1,1
BRDA:7,1,0,1
BRDA:7,1,1,1
BRDA:8,2,0,1
BRDA:8,2,1,1
BRDA:9,3,0,1
BRDA:9,3,1,1
BRF:8
BRH:8
end_of_record
